7/15/2014 9:52:57 AM	This log contains information about the import schema operation into project 'SSIS Design Patterns Database' on computer 'PRAGMATICWORKS' by user 'RCain'.
7/15/2014 9:52:58 AM	Import of database schema has started.
7/15/2014 9:53:02 AM	Gathering database options
7/15/2014 9:53:03 AM	Gathering users
7/15/2014 9:53:03 AM	Gathering roles
7/15/2014 9:53:03 AM	Gathering application roles
7/15/2014 9:53:03 AM	Gathering role memberships
7/15/2014 9:53:03 AM	Gathering filegroups
7/15/2014 9:53:03 AM	Gathering full-text catalogs
7/15/2014 9:53:03 AM	Gathering assemblies
7/15/2014 9:53:03 AM	Gathering certificates
7/15/2014 9:53:03 AM	Gathering asymmetric keys
7/15/2014 9:53:03 AM	Gathering symmetric keys
7/15/2014 9:53:03 AM	Gathering encrypted symmetric keys
7/15/2014 9:53:03 AM	Gathering schemas
7/15/2014 9:53:03 AM	Gathering XML schema collections
7/15/2014 9:53:03 AM	Gathering user-defined data types
7/15/2014 9:53:03 AM	Gathering user-defined types
7/15/2014 9:53:03 AM	Gathering table types
7/15/2014 9:53:03 AM	Gathering unique keys for table types
7/15/2014 9:53:03 AM	Gathering primary keys for table types
7/15/2014 9:53:03 AM	Gathering check constraints for table types
7/15/2014 9:53:03 AM	Gathering default constraints for table types
7/15/2014 9:53:03 AM	Gathering partition functions
7/15/2014 9:53:03 AM	Gathering partition schemes
7/15/2014 9:53:03 AM	Gathering functions
7/15/2014 9:53:03 AM	Gathering encrypted functions
7/15/2014 9:53:03 AM	Gathering aggregates
7/15/2014 9:53:03 AM	Gathering procedures
7/15/2014 9:53:03 AM	Gathering encrypted procedures
7/15/2014 9:53:03 AM	Gathering tables
7/15/2014 9:53:03 AM	Gathering primary keys
7/15/2014 9:53:03 AM	Gathering unique constraints
7/15/2014 9:53:03 AM	Gathering foreign keys
7/15/2014 9:53:03 AM	Gathering default constraints
7/15/2014 9:53:03 AM	Gathering check constraints
7/15/2014 9:53:03 AM	Gathering views
7/15/2014 9:53:03 AM	Gathering encrypted views
7/15/2014 9:53:03 AM	Gathering indexes
7/15/2014 9:53:03 AM	Gathering statistics
7/15/2014 9:53:03 AM	Gathering full-text index stoplists
7/15/2014 9:53:03 AM	Gathering search property lists
7/15/2014 9:53:03 AM	Gathering search properties
7/15/2014 9:53:03 AM	Gathering full-text indexes
7/15/2014 9:53:03 AM	Gathering column store indexes
7/15/2014 9:53:03 AM	Gathering spatial indexes
7/15/2014 9:53:03 AM	Gathering XML indexes
7/15/2014 9:53:03 AM	Gathering Selective XML indexes
7/15/2014 9:53:03 AM	Gathering encrypted triggers
7/15/2014 9:53:03 AM	Gathering triggers
7/15/2014 9:53:03 AM	Gathering encrypted and clr ddl triggers
7/15/2014 9:53:03 AM	Gathering ddl triggers
7/15/2014 9:53:03 AM	Gathering synonyms
7/15/2014 9:53:03 AM	Gathering defaults
7/15/2014 9:53:03 AM	Gathering data constraint uddt bindings
7/15/2014 9:53:03 AM	Gathering rules
7/15/2014 9:53:03 AM	Gathering data constraint uddt bindings
7/15/2014 9:53:03 AM	Gathering message types
7/15/2014 9:53:03 AM	Gathering queues
7/15/2014 9:53:03 AM	Gathering contracts
7/15/2014 9:53:03 AM	Gathering services
7/15/2014 9:53:03 AM	Gathering event notifications
7/15/2014 9:53:03 AM	Gathering remote service bindings
7/15/2014 9:53:03 AM	Gathering broker priorities
7/15/2014 9:53:03 AM	Gathering signatures
7/15/2014 9:53:03 AM	Gathering data compression options
7/15/2014 9:53:03 AM	Gathering sequence types
7/15/2014 9:53:03 AM	Gathering extended properties
7/15/2014 9:53:03 AM	Gathering credentials
7/15/2014 9:53:03 AM	Gathering logins
7/15/2014 9:53:03 AM	Gathering server audits
7/15/2014 9:53:03 AM	Scanning project for duplicate elements
7/15/2014 9:53:03 AM	Finished duplicate element processing
7/15/2014 9:53:03 AM	Finished importing database.
7/15/2014 9:53:03 AM	A summary of the import was saved to the following location: C:\Presentations\SQL Server 2012\SSIS Design Patterns\SSIS Design Patterns\SSIS Design Patterns Database\Import Schema Logs\SSIS Design Patterns_20140715025257.log
7/15/2014 9:53:03 AM	Click Finish to continue...
